[debug] [2020-07-10T14:50:32.362Z] ----------------------------------------------------------------------
[debug] [2020-07-10T14:50:32.364Z] Command:       /home/michael/.nvm/versions/node/v13.12.0/bin/node /home/michael/.nvm/versions/node/v13.12.0/bin/firebase init
[debug] [2020-07-10T14:50:32.364Z] CLI Version:   8.5.0
[debug] [2020-07-10T14:50:32.364Z] Platform:      linux
[debug] [2020-07-10T14:50:32.364Z] Node Version:  v13.12.0
[debug] [2020-07-10T14:50:32.365Z] Time:          Fri Jul 10 2020 17:50:32 GMT+0300 (East Africa Time)
[debug] [2020-07-10T14:50:32.365Z] ----------------------------------------------------------------------
[debug] [2020-07-10T14:50:32.365Z] 
[debug] [2020-07-10T14:50:32.372Z] > command requires scopes: ["email","openid","https://www.googleapis.com/auth/cloudplatformprojects.readonly","https://www.googleapis.com/auth/firebase","https://www.googleapis.com/auth/cloud-platform"]
[debug] [2020-07-10T14:50:32.373Z] > authorizing via signed-in user
[info] 
     ######## #### ########  ######## ########     ###     ######  ########
     ##        ##  ##     ## ##       ##     ##  ##   ##  ##       ##
     ######    ##  ########  ######   ########  #########  ######  ######
     ##        ##  ##    ##  ##       ##     ## ##     ##       ## ##
     ##       #### ##     ## ######## ########  ##     ##  ######  ########

You're about to initialize a Firebase project in this directory:

  /home/michael/Desktop/ProjectInterview/StudentDashboard

[info] 
=== Project Setup
[info] 
[info] First, let's associate this project directory with a Firebase project.
[info] You can create multiple project aliases by running firebase use --add, 
[info] but for now we'll just set up a default project.
[info] 
[debug] [2020-07-10T14:53:07.249Z] > refreshing access token with scopes: ["email","https://www.googleapis.com/auth/cloud-platform","https://www.googleapis.com/auth/cloudplatformprojects.readonly","https://www.googleapis.com/auth/firebase","openid"]
[debug] [2020-07-10T14:53:07.250Z] >>> HTTP REQUEST POST https://www.googleapis.com/oauth2/v3/token  
 <request body omitted>
[debug] [2020-07-10T14:53:07.869Z] <<< HTTP RESPONSE 200 {"content-type":"application/json; charset=utf-8","vary":"X-Origin, Referer, Origin,Accept-Encoding","date":"Fri, 10 Jul 2020 14:53:07 GMT","server":"scaffolding on HTTPServer2","cache-control":"private","x-xss-protection":"0","x-frame-options":"SAMEORIGIN","x-content-type-options":"nosniff","alt-svc":"h3-29=\":443\"; ma=2592000,h3-27=\":443\"; ma=2592000,h3-25=\":443\"; ma=2592000,h3-T050=\":443\"; ma=2592000,h3-Q050=\":443\"; ma=2592000,h3-Q046=\":443\"; ma=2592000,h3-Q043=\":443\"; ma=2592000,quic=\":443\"; ma=2592000; v=\"46,43\"","accept-ranges":"none","transfer-encoding":"chunked"}
[debug] [2020-07-10T14:53:08.114Z] >>> HTTP REQUEST GET https://firebase.googleapis.com/v1beta1/projects?pageSize=100  
 
[debug] [2020-07-10T14:53:10.019Z] <<< HTTP RESPONSE 200 {"content-type":"application/json; charset=UTF-8","vary":"X-Origin, Referer, Origin,Accept-Encoding","date":"Fri, 10 Jul 2020 14:53:09 GMT","server":"ESF","cache-control":"private","x-xss-protection":"0","x-frame-options":"SAMEORIGIN","x-content-type-options":"nosniff","alt-svc":"h3-29=\":443\"; ma=2592000,h3-27=\":443\"; ma=2592000,h3-25=\":443\"; ma=2592000,h3-T050=\":443\"; ma=2592000,h3-Q050=\":443\"; ma=2592000,h3-Q046=\":443\"; ma=2592000,h3-Q043=\":443\"; ma=2592000,quic=\":443\"; ma=2592000; v=\"46,43\"","accept-ranges":"none","transfer-encoding":"chunked"}
[info] i  Using project dashboard-b1367 (Dashboard) 
[info] 
=== Database Setup
[info] 
[info] Firebase Realtime Database Rules allow you to define how your data should be
[info] structured and when your data can be read from and written to.
[info] 
[debug] [2020-07-10T14:53:40.198Z] >>> HTTP REQUEST GET https://dashboard-b1367.firebaseio.com/.settings/rules.json  
 
[debug] [2020-07-10T14:53:41.967Z] <<< HTTP RESPONSE 200 {"server":"nginx","date":"Fri, 10 Jul 2020 14:53:41 GMT","content-type":"application/json; charset=utf-8","content-length":"381","connection":"keep-alive","access-control-allow-origin":"*","cache-control":"no-cache","strict-transport-security":"max-age=31556926; includeSubDomains; preload"}
[debug] [2020-07-10T14:53:42.585Z] Error: EISDIR: illegal operation on a directory, open '/home/michael/Desktop/ProjectInterview/StudentDashboard'
    at Object.openSync (fs.js:462:3)
    at Object.writeFileSync (fs.js:1328:35)
    at Config.writeProjectFile (/home/michael/.nvm/versions/node/v13.12.0/lib/node_modules/firebase-tools/lib/config.js:155:8)
    at /home/michael/.nvm/versions/node/v13.12.0/lib/node_modules/firebase-tools/lib/init/features/database.js:25:23
    at processTicksAndRejections (internal/process/task_queues.js:97:5)
[error] 
[error] Error: An unexpected error has occurred.
[debug] [2020-07-10T14:54:13.580Z] ----------------------------------------------------------------------
[debug] [2020-07-10T14:54:13.582Z] Command:       /home/michael/.nvm/versions/node/v13.12.0/bin/node /home/michael/.nvm/versions/node/v13.12.0/bin/firebase init
[debug] [2020-07-10T14:54:13.583Z] CLI Version:   8.5.0
[debug] [2020-07-10T14:54:13.583Z] Platform:      linux
[debug] [2020-07-10T14:54:13.583Z] Node Version:  v13.12.0
[debug] [2020-07-10T14:54:13.583Z] Time:          Fri Jul 10 2020 17:54:13 GMT+0300 (East Africa Time)
[debug] [2020-07-10T14:54:13.583Z] ----------------------------------------------------------------------
[debug] [2020-07-10T14:54:13.583Z] 
[debug] [2020-07-10T14:54:13.588Z] > command requires scopes: ["email","openid","https://www.googleapis.com/auth/cloudplatformprojects.readonly","https://www.googleapis.com/auth/firebase","https://www.googleapis.com/auth/cloud-platform"]
[debug] [2020-07-10T14:54:13.588Z] > authorizing via signed-in user
[info] 
     ######## #### ########  ######## ########     ###     ######  ########
     ##        ##  ##     ## ##       ##     ##  ##   ##  ##       ##
     ######    ##  ########  ######   ########  #########  ######  ######
     ##        ##  ##    ##  ##       ##     ## ##     ##       ## ##
     ##       #### ##     ## ######## ########  ##     ##  ######  ########

You're about to initialize a Firebase project in this directory:

  /home/michael/Desktop/ProjectInterview/StudentDashboard

[info] 
=== Project Setup
[info] 
[info] First, let's associate this project directory with a Firebase project.
[info] You can create multiple project aliases by running firebase use --add, 
[info] but for now we'll just set up a default project.
[info] 
[debug] [2020-07-10T14:55:00.057Z] >>> HTTP REQUEST GET https://firebase.googleapis.com/v1beta1/projects?pageSize=100  
 
[debug] [2020-07-10T14:55:01.541Z] <<< HTTP RESPONSE 200 {"content-type":"application/json; charset=UTF-8","vary":"X-Origin, Referer, Origin,Accept-Encoding","date":"Fri, 10 Jul 2020 14:55:01 GMT","server":"ESF","cache-control":"private","x-xss-protection":"0","x-frame-options":"SAMEORIGIN","x-content-type-options":"nosniff","alt-svc":"h3-29=\":443\"; ma=2592000,h3-27=\":443\"; ma=2592000,h3-25=\":443\"; ma=2592000,h3-T050=\":443\"; ma=2592000,h3-Q050=\":443\"; ma=2592000,h3-Q046=\":443\"; ma=2592000,h3-Q043=\":443\"; ma=2592000,quic=\":443\"; ma=2592000; v=\"46,43\"","accept-ranges":"none","transfer-encoding":"chunked"}
[info] i  Using project dashboard-b1367 (Dashboard) 
[info] 
=== Database Setup
[info] 
[info] Firebase Realtime Database Rules allow you to define how your data should be
[info] structured and when your data can be read from and written to.
[info] 
[debug] [2020-07-10T14:55:28.471Z] >>> HTTP REQUEST GET https://dashboard-b1367.firebaseio.com/.settings/rules.json  
 
[debug] [2020-07-10T14:55:30.101Z] <<< HTTP RESPONSE 200 {"server":"nginx","date":"Fri, 10 Jul 2020 14:55:29 GMT","content-type":"application/json; charset=utf-8","content-length":"381","connection":"keep-alive","access-control-allow-origin":"*","cache-control":"no-cache","strict-transport-security":"max-age=31556926; includeSubDomains; preload"}
[info] ✔  Database Rules for dashboard-b1367 have been downloaded to  database.rules.json. 
[info] Future modifications to  database.rules.json will update Database Rules when you run
[info] firebase deploy.
[info] 
=== Firestore Setup
[debug] [2020-07-10T14:55:30.105Z] >>> HTTP REQUEST GET https://serviceusage.googleapis.com/v1/projects/dashboard-b1367/services/firestore.googleapis.com  
 
[debug] [2020-07-10T14:55:32.276Z] <<< HTTP RESPONSE 200 {"content-type":"application/json; charset=UTF-8","vary":"X-Origin, Referer, Origin,Accept-Encoding","date":"Fri, 10 Jul 2020 14:55:32 GMT","server":"ESF","cache-control":"private","x-xss-protection":"0","x-frame-options":"SAMEORIGIN","x-content-type-options":"nosniff","alt-svc":"h3-29=\":443\"; ma=2592000,h3-27=\":443\"; ma=2592000,h3-25=\":443\"; ma=2592000,h3-T050=\":443\"; ma=2592000,h3-Q050=\":443\"; ma=2592000,h3-Q046=\":443\"; ma=2592000,h3-Q043=\":443\"; ma=2592000,quic=\":443\"; ma=2592000; v=\"46,43\"","accept-ranges":"none","transfer-encoding":"chunked"}
[debug] [2020-07-10T14:55:32.278Z] >>> HTTP REQUEST GET https://appengine.googleapis.com/v1/apps/dashboard-b1367  
 
[debug] [2020-07-10T14:55:34.709Z] <<< HTTP RESPONSE 200 {"content-type":"application/json; charset=UTF-8","vary":"X-Origin, Referer, Origin,Accept-Encoding","date":"Fri, 10 Jul 2020 14:55:34 GMT","server":"ESF","cache-control":"private","x-xss-protection":"0","x-frame-options":"SAMEORIGIN","x-content-type-options":"nosniff","alt-svc":"h3-29=\":443\"; ma=2592000,h3-27=\":443\"; ma=2592000,h3-25=\":443\"; ma=2592000,h3-T050=\":443\"; ma=2592000,h3-Q050=\":443\"; ma=2592000,h3-Q046=\":443\"; ma=2592000,h3-Q043=\":443\"; ma=2592000,quic=\":443\"; ma=2592000; v=\"46,43\"","accept-ranges":"none","transfer-encoding":"chunked"}
[debug] [2020-07-10T14:55:34.710Z] database_type: CLOUD_FIRESTORE
[debug] [2020-07-10T14:55:34.713Z] > command requires scopes: ["email","openid","https://www.googleapis.com/auth/cloudplatformprojects.readonly","https://www.googleapis.com/auth/firebase","https://www.googleapis.com/auth/cloud-platform"]
[debug] [2020-07-10T14:55:34.714Z] > authorizing via signed-in user
[debug] [2020-07-10T14:55:34.716Z] [iam] checking project dashboard-b1367 for permissions ["firebase.projects.get"]
[debug] [2020-07-10T14:55:34.717Z] >>> HTTP REQUEST POST https://cloudresourcemanager.googleapis.com/v1/projects/dashboard-b1367:testIamPermissions  
 {"permissions":["firebase.projects.get"]}
[debug] [2020-07-10T14:55:36.859Z] <<< HTTP RESPONSE 200 {"content-type":"application/json; charset=UTF-8","vary":"X-Origin, Referer, Origin,Accept-Encoding","date":"Fri, 10 Jul 2020 14:55:36 GMT","server":"ESF","cache-control":"private","x-xss-protection":"0","x-frame-options":"SAMEORIGIN","x-content-type-options":"nosniff","server-timing":"gfet4t7; dur=1299","alt-svc":"h3-29=\":443\"; ma=2592000,h3-27=\":443\"; ma=2592000,h3-25=\":443\"; ma=2592000,h3-T050=\":443\"; ma=2592000,h3-Q050=\":443\"; ma=2592000,h3-Q046=\":443\"; ma=2592000,h3-Q043=\":443\"; ma=2592000,quic=\":443\"; ma=2592000; v=\"46,43\"","accept-ranges":"none","transfer-encoding":"chunked"}
[info] 
[info] Firestore Security Rules allow you to define how and when to allow
[info] requests. You can keep these rules in your project directory
[info] and publish them with firebase deploy.
[info] 
[debug] [2020-07-10T14:55:49.797Z] >>> HTTP REQUEST GET https://firebaserules.googleapis.com/v1/projects/dashboard-b1367/releases?pageSize=10&pageToken=  
 
[debug] [2020-07-10T14:55:51.298Z] <<< HTTP RESPONSE 200 {"content-type":"application/json; charset=UTF-8","vary":"X-Origin, Referer, Origin,Accept-Encoding","date":"Fri, 10 Jul 2020 14:55:51 GMT","server":"ESF","cache-control":"private","x-xss-protection":"0","x-frame-options":"SAMEORIGIN","x-content-type-options":"nosniff","alt-svc":"h3-29=\":443\"; ma=2592000,h3-27=\":443\"; ma=2592000,h3-25=\":443\"; ma=2592000,h3-T050=\":443\"; ma=2592000,h3-Q050=\":443\"; ma=2592000,h3-Q046=\":443\"; ma=2592000,h3-Q043=\":443\"; ma=2592000,quic=\":443\"; ma=2592000; v=\"46,43\"","accept-ranges":"none","transfer-encoding":"chunked"}
[debug] [2020-07-10T14:55:51.300Z] Found ruleset: projects/dashboard-b1367/rulesets/21383337-27cb-4e8a-a639-9251d01f4ca8
[debug] [2020-07-10T14:55:51.302Z] >>> HTTP REQUEST GET https://firebaserules.googleapis.com/v1/projects/dashboard-b1367/rulesets/21383337-27cb-4e8a-a639-9251d01f4ca8  
 
[debug] [2020-07-10T14:55:52.221Z] <<< HTTP RESPONSE 200 {"content-type":"application/json; charset=UTF-8","vary":"X-Origin, Referer, Origin,Accept-Encoding","date":"Fri, 10 Jul 2020 14:55:52 GMT","server":"ESF","cache-control":"private","x-xss-protection":"0","x-frame-options":"SAMEORIGIN","x-content-type-options":"nosniff","alt-svc":"h3-29=\":443\"; ma=2592000,h3-27=\":443\"; ma=2592000,h3-25=\":443\"; ma=2592000,h3-T050=\":443\"; ma=2592000,h3-Q050=\":443\"; ma=2592000,h3-Q046=\":443\"; ma=2592000,h3-Q043=\":443\"; ma=2592000,quic=\":443\"; ma=2592000; v=\"46,43\"","accept-ranges":"none","transfer-encoding":"chunked"}
[info] 
[info] Firestore indexes allow you to perform complex queries while
[info] maintaining performance that scales with the size of the result
[info] set. You can keep index definitions in your project directory
[info] and publish them with firebase deploy.
[info] 
[debug] [2020-07-10T14:56:09.663Z] >>> HTTP REQUEST GET https://firestore.googleapis.com/v1/projects/dashboard-b1367/databases/(default)/collectionGroups/-/indexes  
 
[debug] [2020-07-10T14:56:09.665Z] >>> HTTP REQUEST GET https://firestore.googleapis.com/v1/projects/dashboard-b1367/databases/(default)/collectionGroups/-/fields?filter=indexConfig.usesAncestorConfig=false  
 
[debug] [2020-07-10T14:56:11.267Z] <<< HTTP RESPONSE 200 {"content-type":"application/json; charset=UTF-8","vary":"X-Origin, Referer, Origin,Accept-Encoding","date":"Fri, 10 Jul 2020 14:56:10 GMT","server":"ESF","cache-control":"private","x-xss-protection":"0","x-frame-options":"SAMEORIGIN","x-content-type-options":"nosniff","alt-svc":"h3-29=\":443\"; ma=2592000,h3-27=\":443\"; ma=2592000,h3-25=\":443\"; ma=2592000,h3-T050=\":443\"; ma=2592000,h3-Q050=\":443\"; ma=2592000,h3-Q046=\":443\"; ma=2592000,h3-Q043=\":443\"; ma=2592000,quic=\":443\"; ma=2592000; v=\"46,43\"","accept-ranges":"none","transfer-encoding":"chunked"}
[debug] [2020-07-10T14:56:11.574Z] <<< HTTP RESPONSE 200 {"content-type":"application/json; charset=UTF-8","vary":"X-Origin, Referer, Origin,Accept-Encoding","date":"Fri, 10 Jul 2020 14:56:11 GMT","server":"ESF","cache-control":"private","x-xss-protection":"0","x-frame-options":"SAMEORIGIN","x-content-type-options":"nosniff","alt-svc":"h3-29=\":443\"; ma=2592000,h3-27=\":443\"; ma=2592000,h3-25=\":443\"; ma=2592000,h3-T050=\":443\"; ma=2592000,h3-Q050=\":443\"; ma=2592000,h3-Q046=\":443\"; ma=2592000,h3-Q043=\":443\"; ma=2592000,quic=\":443\"; ma=2592000; v=\"46,43\"","accept-ranges":"none","transfer-encoding":"chunked"}
[info] 
=== Functions Setup
[info] 
[info] A functions directory will be created in your project with a Node.js
[info] package pre-configured. Functions can be deployed with firebase deploy.
[info] 
[debug] [2020-07-10T14:56:11.581Z] > command requires scopes: ["email","openid","https://www.googleapis.com/auth/cloudplatformprojects.readonly","https://www.googleapis.com/auth/firebase","https://www.googleapis.com/auth/cloud-platform"]
[debug] [2020-07-10T14:56:11.582Z] > authorizing via signed-in user
[debug] [2020-07-10T14:56:11.583Z] [iam] checking project dashboard-b1367 for permissions ["firebase.projects.get"]
[debug] [2020-07-10T14:56:11.583Z] >>> HTTP REQUEST POST https://cloudresourcemanager.googleapis.com/v1/projects/dashboard-b1367:testIamPermissions  
 {"permissions":["firebase.projects.get"]}
[debug] [2020-07-10T14:56:13.096Z] <<< HTTP RESPONSE 200 {"content-type":"application/json; charset=UTF-8","vary":"X-Origin, Referer, Origin,Accept-Encoding","date":"Fri, 10 Jul 2020 14:56:12 GMT","server":"ESF","cache-control":"private","x-xss-protection":"0","x-frame-options":"SAMEORIGIN","x-content-type-options":"nosniff","server-timing":"gfet4t7; dur=1360","alt-svc":"h3-29=\":443\"; ma=2592000,h3-27=\":443\"; ma=2592000,h3-25=\":443\"; ma=2592000,h3-T050=\":443\"; ma=2592000,h3-Q050=\":443\"; ma=2592000,h3-Q046=\":443\"; ma=2592000,h3-Q043=\":443\"; ma=2592000,quic=\":443\"; ma=2592000; v=\"46,43\"","accept-ranges":"none","transfer-encoding":"chunked"}
[debug] [2020-07-10T14:56:13.101Z] >>> HTTP REQUEST POST https://serviceusage.googleapis.com/v1/projects/dashboard-b1367/services/cloudfunctions.googleapis.com:enable  
 
[debug] [2020-07-10T14:56:13.104Z] >>> HTTP REQUEST POST https://serviceusage.googleapis.com/v1/projects/dashboard-b1367/services/runtimeconfig.googleapis.com:enable  
 
[debug] [2020-07-10T14:56:14.685Z] <<< HTTP RESPONSE 200 {"content-type":"application/json; charset=UTF-8","vary":"X-Origin, Referer, Origin,Accept-Encoding","date":"Fri, 10 Jul 2020 14:56:14 GMT","server":"ESF","cache-control":"private","x-xss-protection":"0","x-frame-options":"SAMEORIGIN","x-content-type-options":"nosniff","alt-svc":"h3-29=\":443\"; ma=2592000,h3-27=\":443\"; ma=2592000,h3-25=\":443\"; ma=2592000,h3-T050=\":443\"; ma=2592000,h3-Q050=\":443\"; ma=2592000,h3-Q046=\":443\"; ma=2592000,h3-Q043=\":443\"; ma=2592000,quic=\":443\"; ma=2592000; v=\"46,43\"","accept-ranges":"none","transfer-encoding":"chunked"}
[debug] [2020-07-10T14:56:14.739Z] <<< HTTP RESPONSE 200 {"content-type":"application/json; charset=UTF-8","vary":"X-Origin, Referer, Origin,Accept-Encoding","date":"Fri, 10 Jul 2020 14:56:14 GMT","server":"ESF","cache-control":"private","x-xss-protection":"0","x-frame-options":"SAMEORIGIN","x-content-type-options":"nosniff","alt-svc":"h3-29=\":443\"; ma=2592000,h3-27=\":443\"; ma=2592000,h3-25=\":443\"; ma=2592000,h3-T050=\":443\"; ma=2592000,h3-Q050=\":443\"; ma=2592000,h3-Q046=\":443\"; ma=2592000,h3-Q043=\":443\"; ma=2592000,quic=\":443\"; ma=2592000; v=\"46,43\"","accept-ranges":"none","transfer-encoding":"chunked"}
[info] ✔  Wrote functions/package.json 
[info] ✔  Wrote functions/tslint.json 
[info] ✔  Wrote functions/tsconfig.json 
[info] ✔  Wrote functions/src/index.ts 
[info] ✔  Wrote functions/.gitignore 
[info] 
[error] NPM install failed, continuing with Firebase initialization...
[info] 
=== Hosting Setup
[info] 
[info] Your public directory is the folder (relative to your project directory) that
[info] will contain Hosting assets to be uploaded with firebase deploy. If you
[info] have a build process for your assets, use your build's output directory.
[info] 
[info] ✔  Wrote public/404.html 
[debug] [2020-07-10T15:13:55.924Z] >>> HTTP REQUEST GET https://www.gstatic.com/firebasejs/releases.json  
 
[debug] [2020-07-10T15:14:15.960Z] Error: getaddrinfo ENOTFOUND www.gstatic.com
    at GetAddrInfoReqWrap.onlookup [as oncomplete] (dns.js:66:26)
[error] 
[error] Error: Server Error. getaddrinfo ENOTFOUND www.gstatic.com
[debug] [2020-07-10T15:14:40.166Z] ----------------------------------------------------------------------
[debug] [2020-07-10T15:14:40.168Z] Command:       /home/michael/.nvm/versions/node/v13.12.0/bin/node /home/michael/.nvm/versions/node/v13.12.0/bin/firebase init
[debug] [2020-07-10T15:14:40.168Z] CLI Version:   8.5.0
[debug] [2020-07-10T15:14:40.168Z] Platform:      linux
[debug] [2020-07-10T15:14:40.168Z] Node Version:  v13.12.0
[debug] [2020-07-10T15:14:40.169Z] Time:          Fri Jul 10 2020 18:14:40 GMT+0300 (East Africa Time)
[debug] [2020-07-10T15:14:40.169Z] ----------------------------------------------------------------------
[debug] [2020-07-10T15:14:40.169Z] 
[debug] [2020-07-10T15:14:40.174Z] > command requires scopes: ["email","openid","https://www.googleapis.com/auth/cloudplatformprojects.readonly","https://www.googleapis.com/auth/firebase","https://www.googleapis.com/auth/cloud-platform"]
[debug] [2020-07-10T15:14:40.174Z] > authorizing via signed-in user
[info] 
     ######## #### ########  ######## ########     ###     ######  ########
     ##        ##  ##     ## ##       ##     ##  ##   ##  ##       ##
     ######    ##  ########  ######   ########  #########  ######  ######
     ##        ##  ##    ##  ##       ##     ## ##     ##       ## ##
     ##       #### ##     ## ######## ########  ##     ##  ######  ########

You're about to initialize a Firebase project in this directory:

  /home/michael/Desktop/ProjectInterview/StudentDashboard

